<?xml version="1.0" encoding="UTF-8"?>
<!-- Generated by org.testng.reporters.JUnitReportReporter -->
<testsuite hostname="Brajeswar" failures="0" tests="1" name="com.testautomation.login.LoginTest" time="79.579" errors="0" timestamp="2024-06-12T21:50:06 IST" skipped="0">
  <testcase classname="com.testautomation.login.LoginTest" name="ReadData" time="79.579"/>
</testsuite> <!-- com.testautomation.login.LoginTest -->
